Determining if the pthread_create exist failed with the following output:
Change Dir: /home/biorob/naoqi/worktree/local_nao_ros/build-v4/CMakeFiles/CMakeTmp

Run Build Command:/usr/bin/make "cmTryCompileExec719728685/fast"
/usr/bin/make -f CMakeFiles/cmTryCompileExec719728685.dir/build.make CMakeFiles/cmTryCompileExec719728685.dir/build
make[1]: Entering directory `/home/biorob/naoqi/worktree/local_nao_ros/build-v4/CMakeFiles/CMakeTmp'
/usr/bin/cmake -E cmake_progress_report /home/biorob/naoqi/worktree/local_nao_ros/build-v4/CMakeFiles/CMakeTmp/CMakeFiles 1
Building C object CMakeFiles/cmTryCompileExec719728685.dir/CheckSymbolExists.c.o
/home/biorob/naoqi/linux64-nao-atom-cross-toolchain-1.14.5/cross/bin/i686-aldebaran-linux-gnu-gcc   --sysroot /home/biorob/naoqi/linux64-nao-atom-cross-toolchain-1.14.5//sysroot/ -pipe -fomit-frame-pointer -fno-align-jumps -fno-align-functions -fno-align-labels -fno-align-loops -m32 -mtune=generic -DOE_CROSS_BUILD    -o CMakeFiles/cmTryCompileExec719728685.dir/CheckSymbolExists.c.o   -c /home/biorob/naoqi/worktree/local_nao_ros/build-v4/CMakeFiles/CMakeTmp/CheckSymbolExists.c
Linking C executable cmTryCompileExec719728685
/usr/bin/cmake -E cmake_link_script CMakeFiles/cmTryCompileExec719728685.dir/link.txt --verbose=1
/home/biorob/naoqi/linux64-nao-atom-cross-toolchain-1.14.5/cross/bin/i686-aldebaran-linux-gnu-gcc   --sysroot /home/biorob/naoqi/linux64-nao-atom-cross-toolchain-1.14.5//sysroot/ -pipe -fomit-frame-pointer -fno-align-jumps -fno-align-functions -fno-align-labels -fno-align-loops -m32 -mtune=generic -DOE_CROSS_BUILD   -Wl,--sysroot,/home/biorob/naoqi/linux64-nao-atom-cross-toolchain-1.14.5//sysroot/ CMakeFiles/cmTryCompileExec719728685.dir/CheckSymbolExists.c.o  -o cmTryCompileExec719728685 -rdynamic 
CMakeFiles/cmTryCompileExec719728685.dir/CheckSymbolExists.c.o: In function `main':
CheckSymbolExists.c:(.text+0x1): undefined reference to `pthread_create'
collect2: ld returned 1 exit status
make[1]: *** [cmTryCompileExec719728685] Error 1
make[1]: Leaving directory `/home/biorob/naoqi/worktree/local_nao_ros/build-v4/CMakeFiles/CMakeTmp'
make: *** [cmTryCompileExec719728685/fast] Error 2

File /home/biorob/naoqi/worktree/local_nao_ros/build-v4/CMakeFiles/CMakeTmp/CheckSymbolExists.c:
/* */
#include <pthread.h>

int main(int argc, char** argv)
{
  (void)argv;
#ifndef pthread_create
  return ((int*)(&pthread_create))[argc];
#else
  (void)argc;
  return 0;
#endif
}

Determining if the function pthread_create exists in the pthreads failed with the following output:
Change Dir: /home/biorob/naoqi/worktree/local_nao_ros/build-v4/CMakeFiles/CMakeTmp

Run Build Command:/usr/bin/make "cmTryCompileExec415890820/fast"
/usr/bin/make -f CMakeFiles/cmTryCompileExec415890820.dir/build.make CMakeFiles/cmTryCompileExec415890820.dir/build
make[1]: Entering directory `/home/biorob/naoqi/worktree/local_nao_ros/build-v4/CMakeFiles/CMakeTmp'
/usr/bin/cmake -E cmake_progress_report /home/biorob/naoqi/worktree/local_nao_ros/build-v4/CMakeFiles/CMakeTmp/CMakeFiles 1
Building C object CMakeFiles/cmTryCompileExec415890820.dir/CheckFunctionExists.c.o
/home/biorob/naoqi/linux64-nao-atom-cross-toolchain-1.14.5/cross/bin/i686-aldebaran-linux-gnu-gcc   --sysroot /home/biorob/naoqi/linux64-nao-atom-cross-toolchain-1.14.5//sysroot/ -pipe -fomit-frame-pointer -fno-align-jumps -fno-align-functions -fno-align-labels -fno-align-loops -m32 -mtune=generic -DOE_CROSS_BUILD -DCHECK_FUNCTION_EXISTS=pthread_create   -o CMakeFiles/cmTryCompileExec415890820.dir/CheckFunctionExists.c.o   -c /usr/share/cmake-2.8/Modules/CheckFunctionExists.c
Linking C executable cmTryCompileExec415890820
/usr/bin/cmake -E cmake_link_script CMakeFiles/cmTryCompileExec415890820.dir/link.txt --verbose=1
/home/biorob/naoqi/linux64-nao-atom-cross-toolchain-1.14.5/cross/bin/i686-aldebaran-linux-gnu-gcc   --sysroot /home/biorob/naoqi/linux64-nao-atom-cross-toolchain-1.14.5//sysroot/ -pipe -fomit-frame-pointer -fno-align-jumps -fno-align-functions -fno-align-labels -fno-align-loops -m32 -mtune=generic -DOE_CROSS_BUILD -DCHECK_FUNCTION_EXISTS=pthread_create  -Wl,--sysroot,/home/biorob/naoqi/linux64-nao-atom-cross-toolchain-1.14.5//sysroot/ CMakeFiles/cmTryCompileExec415890820.dir/CheckFunctionExists.c.o  -o cmTryCompileExec415890820 -rdynamic -lpthreads 
/home/biorob/naoqi/linux64-nao-atom-cross-toolchain-1.14.5/cross/bin/../lib/gcc/i686-aldebaran-linux-gnu/4.5.3/../../../../i686-aldebaran-linux-gnu/bin/ld: cannot find -lpthreads
collect2: ld returned 1 exit status
make[1]: *** [cmTryCompileExec415890820] Error 1
make[1]: Leaving directory `/home/biorob/naoqi/worktree/local_nao_ros/build-v4/CMakeFiles/CMakeTmp'
make: *** [cmTryCompileExec415890820/fast] Error 2


